2018/07/31 16:53:24 [emerg] 1#1: host not found in upstream "dockerhost" in /etc/nginx/conf.d/app.conf:13
2018/07/31 16:53:24 [emerg] 1#1: host not found in upstream "dockerhost" in /etc/nginx/conf.d/app.conf:13
2018/07/31 16:53:25 [emerg] 1#1: host not found in upstream "dockerhost" in /etc/nginx/conf.d/app.conf:13
2018/07/31 16:53:26 [emerg] 1#1: host not found in upstream "dockerhost" in /etc/nginx/conf.d/app.conf:13
2018/07/31 16:53:27 [emerg] 1#1: host not found in upstream "dockerhost" in /etc/nginx/conf.d/app.conf:13
2018/07/31 16:53:29 [emerg] 1#1: host not found in upstream "dockerhost" in /etc/nginx/conf.d/app.conf:13
2018/07/31 16:53:32 [emerg] 1#1: host not found in upstream "dockerhost" in /etc/nginx/conf.d/app.conf:13
2018/07/31 16:53:39 [emerg] 1#1: host not found in upstream "dockerhost" in /etc/nginx/conf.d/app.conf:13
2018/07/31 16:53:55 [emerg] 1#1: host not found in upstream "dockerhost" in /etc/nginx/conf.d/app.conf:13
2018/07/31 16:54:21 [emerg] 1#1: host not found in upstream "php-fpm" in /etc/nginx/conf.d/app.conf:13
2018/07/31 16:54:38 [emerg] 1#1: host not found in upstream "php-fpm" in /etc/nginx/conf.d/app.conf:13
2018/07/31 16:54:38 [emerg] 1#1: host not found in upstream "php-fpm" in /etc/nginx/conf.d/app.conf:13
2018/07/31 16:54:39 [emerg] 1#1: host not found in upstream "php-fpm" in /etc/nginx/conf.d/app.conf:13
2018/07/31 16:54:40 [emerg] 1#1: host not found in upstream "php-fpm" in /etc/nginx/conf.d/app.conf:13
2018/07/31 16:54:41 [emerg] 1#1: host not found in upstream "php-fpm" in /etc/nginx/conf.d/app.conf:13
2018/07/31 16:54:43 [emerg] 1#1: host not found in upstream "php-fpm" in /etc/nginx/conf.d/app.conf:13
2018/07/31 16:54:46 [emerg] 1#1: host not found in upstream "php-fpm" in /etc/nginx/conf.d/app.conf:13
2018/07/31 16:54:53 [emerg] 1#1: host not found in upstream "php-fpm" in /etc/nginx/conf.d/app.conf:13
2018/07/31 16:55:06 [emerg] 1#1: host not found in upstream "php-fpm" in /etc/nginx/conf.d/app.conf:13
2018/07/31 16:55:32 [emerg] 1#1: host not found in upstream "php-fpm" in /etc/nginx/conf.d/app.conf:13
2018/07/31 16:56:24 [emerg] 1#1: host not found in upstream "php-fpm" in /etc/nginx/conf.d/app.conf:13
2018/07/31 16:57:24 [emerg] 1#1: host not found in upstream "php-fpm" in /etc/nginx/conf.d/app.conf:13
2018/07/31 17:41:21 [notice] 1#1: signal process started
2018/07/31 17:41:21 [error] 1#1: open() "/run/nginx.pid" failed (2: No such file or directory)
2018/07/31 17:41:21 [notice] 1#1: signal process started
2018/07/31 17:41:21 [error] 1#1: open() "/run/nginx.pid" failed (2: No such file or directory)
2018/07/31 17:41:21 [notice] 1#1: signal process started
2018/07/31 17:41:21 [error] 1#1: open() "/run/nginx.pid" failed (2: No such file or directory)
2018/07/31 17:41:22 [notice] 1#1: signal process started
2018/07/31 17:41:22 [error] 1#1: open() "/run/nginx.pid" failed (2: No such file or directory)
2018/07/31 17:41:23 [notice] 1#1: signal process started
2018/07/31 17:41:23 [error] 1#1: open() "/run/nginx.pid" failed (2: No such file or directory)
2018/07/31 17:41:25 [notice] 1#1: signal process started
2018/07/31 17:41:25 [error] 1#1: open() "/run/nginx.pid" failed (2: No such file or directory)
2018/07/31 17:41:29 [notice] 1#1: signal process started
2018/07/31 17:41:29 [error] 1#1: open() "/run/nginx.pid" failed (2: No such file or directory)
2018/07/31 17:41:35 [notice] 1#1: signal process started
2018/07/31 17:41:35 [error] 1#1: open() "/run/nginx.pid" failed (2: No such file or directory)
2018/07/31 17:41:48 [notice] 1#1: signal process started
2018/07/31 17:41:48 [error] 1#1: open() "/run/nginx.pid" failed (2: No such file or directory)
2018/07/31 17:42:14 [notice] 1#1: signal process started
2018/07/31 17:42:14 [error] 1#1: open() "/run/nginx.pid" failed (2: No such file or directory)
2018/07/31 17:43:05 [notice] 1#1: signal process started
2018/07/31 17:43:05 [error] 1#1: open() "/run/nginx.pid" failed (2: No such file or directory)
2018/07/31 17:44:06 [notice] 1#1: signal process started
2018/07/31 17:44:06 [error] 1#1: open() "/run/nginx.pid" failed (2: No such file or directory)
2018/07/31 17:45:06 [notice] 1#1: signal process started
2018/07/31 17:45:06 [error] 1#1: open() "/run/nginx.pid" failed (2: No such file or directory)
2018/07/31 17:46:06 [notice] 1#1: signal process started
2018/07/31 17:46:06 [error] 1#1: open() "/run/nginx.pid" failed (2: No such file or directory)
2018/07/31 17:47:06 [notice] 1#1: signal process started
2018/07/31 17:47:06 [error] 1#1: open() "/run/nginx.pid" failed (2: No such file or directory)
2018/07/31 17:47:54 [emerg] 1#1: "http" directive is not allowed here in /etc/nginx/conf.d/app.conf:1
2018/07/31 17:48:07 [emerg] 1#1: "http" directive is not allowed here in /etc/nginx/conf.d/app.conf:1
2018/07/31 17:48:22 [emerg] 1#1: "http" directive is not allowed here in /etc/nginx/conf.d/app.conf:1
2018/07/31 17:48:22 [emerg] 1#1: "http" directive is not allowed here in /etc/nginx/conf.d/app.conf:1
2018/07/31 17:48:23 [emerg] 1#1: "http" directive is not allowed here in /etc/nginx/conf.d/app.conf:1
2018/07/31 17:48:23 [emerg] 1#1: "http" directive is not allowed here in /etc/nginx/conf.d/app.conf:1
2018/07/31 17:48:25 [emerg] 1#1: "http" directive is not allowed here in /etc/nginx/conf.d/app.conf:1
2018/07/31 17:48:26 [emerg] 1#1: "http" directive is not allowed here in /etc/nginx/conf.d/app.conf:1
2018/07/31 17:48:30 [emerg] 1#1: "http" directive is not allowed here in /etc/nginx/conf.d/app.conf:1
2018/07/31 17:48:36 [emerg] 1#1: "http" directive is not allowed here in /etc/nginx/conf.d/app.conf:1
2018/07/31 17:48:50 [emerg] 1#1: "http" directive is not allowed here in /etc/nginx/conf.d/app.conf:1
2018/07/31 17:48:54 [emerg] 1#1: "http" directive is not allowed here in /etc/nginx/conf.d/app.conf:1
2018/07/31 17:49:07 [emerg] 1#1: "http" directive is not allowed here in /etc/nginx/conf.d/app.conf:1
2018/07/31 17:49:15 [emerg] 1#1: "http" directive is not allowed here in /etc/nginx/conf.d/app.conf:1
2018/07/31 17:49:55 [emerg] 1#1: "http" directive is not allowed here in /etc/nginx/conf.d/parallel.conf:1
2018/07/31 17:50:07 [emerg] 1#1: "http" directive is not allowed here in /etc/nginx/conf.d/parallel.conf:1
2018/07/31 17:50:07 [emerg] 1#1: "http" directive is not allowed here in /etc/nginx/conf.d/parallel.conf:1
2018/07/31 17:51:07 [notice] 1#1: signal process started
2018/07/31 17:51:07 [error] 1#1: open() "/run/nginx.pid" failed (2: No such file or directory)
2018/07/31 17:52:07 [notice] 1#1: signal process started
2018/07/31 17:52:07 [error] 1#1: open() "/run/nginx.pid" failed (2: No such file or directory)
2018/07/31 17:53:08 [notice] 1#1: signal process started
2018/07/31 17:53:08 [error] 1#1: open() "/run/nginx.pid" failed (2: No such file or directory)
2018/07/31 17:54:08 [notice] 1#1: signal process started
2018/07/31 17:54:08 [error] 1#1: open() "/run/nginx.pid" failed (2: No such file or directory)
2018/07/31 17:55:08 [notice] 1#1: signal process started
2018/07/31 17:55:08 [error] 1#1: open() "/run/nginx.pid" failed (2: No such file or directory)
2018/07/31 17:56:08 [notice] 1#1: signal process started
2018/07/31 17:56:08 [error] 1#1: open() "/run/nginx.pid" failed (2: No such file or directory)
2018/07/31 17:57:09 [notice] 1#1: signal process started
2018/07/31 17:57:09 [error] 1#1: open() "/run/nginx.pid" failed (2: No such file or directory)
2018/07/31 17:58:09 [notice] 1#1: signal process started
2018/07/31 17:58:09 [error] 1#1: open() "/run/nginx.pid" failed (2: No such file or directory)
2018/07/31 17:59:09 [notice] 1#1: signal process started
2018/07/31 17:59:09 [error] 1#1: open() "/run/nginx.pid" failed (2: No such file or directory)
2018/07/31 18:00:09 [notice] 1#1: signal process started
2018/07/31 18:00:09 [error] 1#1: open() "/run/nginx.pid" failed (2: No such file or directory)
2018/07/31 18:01:09 [notice] 1#1: signal process started
2018/07/31 18:01:09 [error] 1#1: open() "/run/nginx.pid" failed (2: No such file or directory)
2018/07/31 18:02:10 [notice] 1#1: signal process started
2018/07/31 18:02:10 [error] 1#1: open() "/run/nginx.pid" failed (2: No such file or directory)
2018/07/31 18:03:10 [notice] 1#1: signal process started
2018/07/31 18:03:10 [error] 1#1: open() "/run/nginx.pid" failed (2: No such file or directory)
2018/07/31 18:04:10 [notice] 1#1: signal process started
2018/07/31 18:04:10 [error] 1#1: open() "/run/nginx.pid" failed (2: No such file or directory)
2018/07/31 18:05:10 [notice] 1#1: signal process started
2018/07/31 18:05:10 [error] 1#1: open() "/run/nginx.pid" failed (2: No such file or directory)
2018/07/31 18:06:10 [notice] 1#1: signal process started
2018/07/31 18:06:10 [error] 1#1: open() "/run/nginx.pid" failed (2: No such file or directory)
2018/07/31 18:07:11 [notice] 1#1: signal process started
2018/07/31 18:07:11 [error] 1#1: open() "/run/nginx.pid" failed (2: No such file or directory)
2018/07/31 18:08:11 [notice] 1#1: signal process started
2018/07/31 18:08:11 [error] 1#1: open() "/run/nginx.pid" failed (2: No such file or directory)
2018/07/31 18:09:11 [notice] 1#1: signal process started
2018/07/31 18:09:11 [error] 1#1: open() "/run/nginx.pid" failed (2: No such file or directory)
2018/07/31 18:10:11 [notice] 1#1: signal process started
2018/07/31 18:10:11 [error] 1#1: open() "/run/nginx.pid" failed (2: No such file or directory)
2018/07/31 18:11:12 [notice] 1#1: signal process started
2018/07/31 18:11:12 [error] 1#1: open() "/run/nginx.pid" failed (2: No such file or directory)
2018/07/31 18:12:05 [error] 5#5: *1 open() "/usr/share/nginx/html/favicon.ico" failed (2: No such file or directory), client: 192.168.0.127, server: _, request: "GET /favicon.ico HTTP/1.1", host: "192.168.0.127", referrer: "http://192.168.0.127/"
2018/07/31 18:12:05 [error] 5#5: *1 open() "/usr/share/nginx/html/404.html" failed (2: No such file or directory), client: 192.168.0.127, server: _, request: "GET /favicon.ico HTTP/1.1", host: "192.168.0.127", referrer: "http://192.168.0.127/"
2018/07/31 18:12:12 [notice] 1#1: signal process started
2018/07/31 18:12:12 [error] 1#1: open() "/run/nginx.pid" failed (2: No such file or directory)
2018/07/31 18:25:00 [notice] 28#28: signal process started
2018/07/31 18:40:08 [notice] 38#38: signal process started
2018/07/31 18:42:10 [emerg] 44#44: "listen" directive is not allowed here in /etc/nginx/nginx.conf:44
2018/07/31 18:42:29 [emerg] 46#46: "location" directive is not allowed here in /etc/nginx/nginx.conf:52
2018/07/31 18:43:17 [notice] 48#48: signal process started
2018/07/31 18:44:33 [emerg] 52#52: invalid parameter "api.zwphp.test" in /etc/nginx/nginx.conf:44
2018/07/31 18:44:57 [notice] 54#54: signal process started
2018/07/31 19:02:19 [error] 55#55: *40 open() "/usr/share/nginx/html/v1/client/login" failed (2: No such file or directory), client: 192.168.0.127, server: _, request: "POST /v1/client/login HTTP/1.1", host: "192.168.0.127"
2018/07/31 19:02:19 [error] 55#55: *40 open() "/usr/share/nginx/html/404.html" failed (2: No such file or directory), client: 192.168.0.127, server: _, request: "POST /v1/client/login HTTP/1.1", host: "192.168.0.127"
